22:31:21 **** Incremental Build of configuration Debug for project task2 ****
make all 
Building file: ../main.c
Invoking: AVR Compiler
avr-gcc -Wall -g2 -gstabs -O0 -fpack-struct -fshort-enums -ffunction-sections -fdata-sections -std=gnu99 -funsigned-char -funsigned-bitfields -mmcu=atmega32 -DF_CPU=1000000UL -MMD -MP -MF"main.d" -MT"main.o" -c -o "main.o" "../main.c"
In file included from ../main.c:8:
c:/users/user/downloads/telegram desktop/imt_sdk_win_64/imt_sdk_win_64/winavr/lib/gcc/../../avr/include/util/delay.h:90:3: warning: #warning "Compiler optimizations disabled; functions from <util/delay.h> won't work as designed"
Finished building: ../main.c
 
Building target: task2.elf
Invoking: AVR C Linker
avr-gcc -Wl,-Map,task2.map -mmcu=atmega32 -o "task2.elf"  ./main.o   
Finished building target: task2.elf
 
Invoking: AVR Create Extended Listing
avr-objdump -h -S task2.elf  >"task2.lss"
Finished building: task2.lss
 
Create Flash image (ihex format)
avr-objcopy -R .eeprom -R .fuse -R .lock -R .signature -O ihex task2.elf  "task2.hex"
Finished building: task2.hex
 
Invoking: Print Size
avr-size --format=avr --mcu=atmega32 task2.elf
AVR Memory Usage
----------------
Device: atmega32

Program:    3490 bytes (10.7% Full)
(.text + .data + .bootloader)

Data:         18 bytes (0.9% Full)
(.data + .bss + .noinit)


Finished building: sizedummy
 

22:31:21 Build Finished (took 790ms)

