05:41:32 **** Incremental Build of configuration Debug for project Led_Driver ****
make all 
Building file: ../main.c
Invoking: AVR Compiler
avr-gcc -Wall -g2 -gstabs -O0 -fpack-struct -fshort-enums -ffunction-sections -fdata-sections -std=gnu99 -funsigned-char -funsigned-bitfields -mmcu=atmega32 -DF_CPU=1000000UL -MMD -MP -MF"main.d" -MT"main.o" -c -o "main.o" "../main.c"
In file included from ../main.c:9:
c:/users/user/downloads/telegram desktop/imt_sdk_win_64/imt_sdk_win_64/winavr/lib/gcc/../../avr/include/util/delay.h:90:3: warning: #warning "Compiler optimizations disabled; functions from <util/delay.h> won't work as designed"
Finished building: ../main.c
 
Building target: Led_Driver.elf
Invoking: AVR C Linker
avr-gcc -Wl,-Map,Led_Driver.map -mmcu=atmega32 -o "Led_Driver.elf"  ./DIO_prog.o ./Led_config.o ./Led_prog.o ./main.o   
Finished building target: Led_Driver.elf
 
Invoking: AVR Create Extended Listing
avr-objdump -h -S Led_Driver.elf  >"Led_Driver.lss"
Finished building: Led_Driver.lss
 
Invoking: Print Size
avr-size --format=avr --mcu=atmega32 Led_Driver.elf
AVR Memory Usage
----------------
Device: atmega32

Program:    7118 bytes (21.7% Full)
(.text + .data + .bootloader)

Data:         20 bytes (1.0% Full)
(.data + .bss + .noinit)


Finished building: sizedummy
 

05:41:33 Build Finished (took 762ms)

