10:13:15 **** Incremental Build of configuration Debug for project Seven_Segment.c ****
make all 
Building file: ../main.c
Invoking: AVR Compiler
avr-gcc -Wall -g2 -gstabs -O0 -fpack-struct -fshort-enums -ffunction-sections -fdata-sections -std=gnu99 -funsigned-char -funsigned-bitfields -mmcu=atmega32 -DF_CPU=1000000UL -MMD -MP -MF"main.d" -MT"main.o" -c -o "main.o" "../main.c"
In file included from ../main.c:9:
c:/users/user/downloads/telegram desktop/imt_sdk_win_64/imt_sdk_win_64/winavr/lib/gcc/../../avr/include/util/delay.h:90:3: warning: #warning "Compiler optimizations disabled; functions from <util/delay.h> won't work as designed"
Finished building: ../main.c
 
Building target: Seven_Segment.c.elf
Invoking: AVR C Linker
avr-gcc -Wl,-Map,Seven_Segment.c.map -mmcu=atmega32 -o "Seven_Segment.c.elf"  ./DIO_prog.o ./Seven_Segment_config.o ./Seven_Segment_prog.o ./main.o   
Finished building target: Seven_Segment.c.elf
 
Invoking: AVR Create Extended Listing
avr-objdump -h -S Seven_Segment.c.elf  >"Seven_Segment.c.lss"
Finished building: Seven_Segment.c.lss
 
Create Flash image (ihex format)
avr-objcopy -R .eeprom -R .fuse -R .lock -R .signature -O ihex Seven_Segment.c.elf  "Seven_Segment.c.hex"
Finished building: Seven_Segment.c.hex
 
Invoking: Print Size
avr-size --format=avr --mcu=atmega32 Seven_Segment.c.elf
AVR Memory Usage
----------------
Device: atmega32

Program:    8826 bytes (26.9% Full)
(.text + .data + .bootloader)

Data:         48 bytes (2.3% Full)
(.data + .bss + .noinit)


Finished building: sizedummy
 

10:13:16 Build Finished (took 752ms)

