03:45:45 **** Incremental Build of configuration Debug for project Switch_Driver ****
make all 
Building file: ../main.c
Invoking: AVR Compiler
avr-gcc -Wall -g2 -gstabs -O0 -fpack-struct -fshort-enums -ffunction-sections -fdata-sections -std=gnu99 -funsigned-char -funsigned-bitfields -mmcu=atmega32 -DF_CPU=1000000UL -MMD -MP -MF"main.d" -MT"main.o" -c -o "main.o" "../main.c"
In file included from ../main.c:9:
c:/users/user/downloads/telegram desktop/imt_sdk_win_64/imt_sdk_win_64/winavr/lib/gcc/../../avr/include/util/delay.h:90:3: warning: #warning "Compiler optimizations disabled; functions from <util/delay.h> won't work as designed"
Finished building: ../main.c
 
Building target: Switch_Driver.elf
Invoking: AVR C Linker
avr-gcc -Wl,-Map,Switch_Driver.map -mmcu=atmega32 -o "Switch_Driver.elf"  ./DIO_prog.o ./SW_config.o ./SW_prog.o ./main.o   
Finished building target: Switch_Driver.elf
 
Invoking: AVR Create Extended Listing
avr-objdump -h -S Switch_Driver.elf  >"Switch_Driver.lss"
Finished building: Switch_Driver.lss
 
Invoking: Print Size
avr-size --format=avr --mcu=atmega32 Switch_Driver.elf
AVR Memory Usage
----------------
Device: atmega32

Program:    5944 bytes (18.1% Full)
(.text + .data + .bootloader)

Data:         18 bytes (0.9% Full)
(.data + .bss + .noinit)


Finished building: sizedummy
 

03:45:46 Build Finished (took 753ms)

