17:06:22 **** Incremental Build of configuration Debug for project Calculator_Project ****
make all 
Building file: ../main.c
Invoking: AVR Compiler
avr-gcc -Wall -g2 -gstabs -O0 -fpack-struct -fshort-enums -ffunction-sections -fdata-sections -std=gnu99 -funsigned-char -funsigned-bitfields -mmcu=atmega32 -DF_CPU=1000000UL -MMD -MP -MF"main.d" -MT"main.o" -c -o "main.o" "../main.c"
In file included from ../main.c:3:
c:/users/user/downloads/telegram desktop/imt_sdk_win_64/imt_sdk_win_64/winavr/lib/gcc/../../avr/include/util/delay.h:90:3: warning: #warning "Compiler optimizations disabled; functions from <util/delay.h> won't work as designed"
Finished building: ../main.c
 
Building target: Calculator_Project.elf
Invoking: AVR C Linker
avr-gcc -Wl,-Map,Calculator_Project.map -mmcu=atmega32 -o "Calculator_Project.elf"  ./Calc.o ./DIO_prog.o ./Keypad_prog.o ./Lcd_prog.o ./main.o   
Finished building target: Calculator_Project.elf
 
Invoking: AVR Create Extended Listing
avr-objdump -h -S Calculator_Project.elf  >"Calculator_Project.lss"
Finished building: Calculator_Project.lss
 
Invoking: Print Size
avr-size --format=avr --mcu=atmega32 Calculator_Project.elf
AVR Memory Usage
----------------
Device: atmega32

Program:   11030 bytes (33.7% Full)
(.text + .data + .bootloader)

Data:         32 bytes (1.6% Full)
(.data + .bss + .noinit)


Finished building: sizedummy
 
