21:38:23 **** Incremental Build of configuration Debug for project Lcd_Driver ****
make all 
Building file: ../DIO_prog.c
Invoking: AVR Compiler
avr-gcc -Wall -g2 -gstabs -O0 -fpack-struct -fshort-enums -ffunction-sections -fdata-sections -std=gnu99 -funsigned-char -funsigned-bitfields -mmcu=atmega32 -DF_CPU=1000000UL -MMD -MP -MF"DIO_prog.d" -MT"DIO_prog.o" -c -o "DIO_prog.o" "../DIO_prog.c"
Finished building: ../DIO_prog.c
 
Building target: Lcd_Driver.elf
Invoking: AVR C Linker
avr-gcc -Wl,-Map,Lcd_Driver.map -mmcu=atmega32 -o "Lcd_Driver.elf"  ./DIO_prog.o ./Lcd_prog.o ./main.o   
Finished building target: Lcd_Driver.elf
 
Invoking: AVR Create Extended Listing
avr-objdump -h -S Lcd_Driver.elf  >"Lcd_Driver.lss"
Finished building: Lcd_Driver.lss
 
Create Flash image (ihex format)
avr-objcopy -R .eeprom -R .fuse -R .lock -R .signature -O ihex Lcd_Driver.elf  "Lcd_Driver.hex"
Finished building: Lcd_Driver.hex
 
Invoking: Print Size
avr-size --format=avr --mcu=atmega32 Lcd_Driver.elf
AVR Memory Usage
----------------
Device: atmega32

Program:    7666 bytes (23.4% Full)
(.text + .data + .bootloader)

Data:          8 bytes (0.4% Full)
(.data + .bss + .noinit)


Finished building: sizedummy
 

21:38:24 Build Finished (took 1s.66ms)

