14:29:39 **** Incremental Build of configuration Debug for project Snack_Effect ****
make all 
Building file: ../main.c
Invoking: AVR Compiler
avr-gcc -Wall -g2 -gstabs -O0 -fpack-struct -fshort-enums -ffunction-sections -fdata-sections -std=gnu99 -funsigned-char -funsigned-bitfields -mmcu=atmega32 -DF_CPU=1000000UL -MMD -MP -MF"main.d" -MT"main.o" -c -o "main.o" "../main.c"
In file included from ../main.c:8:
c:/users/user/downloads/telegram desktop/imt_sdk_win_64/imt_sdk_win_64/winavr/lib/gcc/../../avr/include/util/delay.h:90:3: warning: #warning "Compiler optimizations disabled; functions from <util/delay.h> won't work as designed"
Finished building: ../main.c
 
Building target: Snack_Effect.elf
Invoking: AVR C Linker
avr-gcc -Wl,-Map,Snack_Effect.map -mmcu=atmega32 -o "Snack_Effect.elf"  ./main.o   
Finished building target: Snack_Effect.elf
 
Invoking: AVR Create Extended Listing
avr-objdump -h -S Snack_Effect.elf  >"Snack_Effect.lss"
Finished building: Snack_Effect.lss
 
Invoking: Print Size
avr-size --format=avr --mcu=atmega32 Snack_Effect.elf
AVR Memory Usage
----------------
Device: atmega32

Program:    3988 bytes (12.2% Full)
(.text + .data + .bootloader)

Data:          8 bytes (0.4% Full)
(.data + .bss + .noinit)


Finished building: sizedummy
 

14:29:40 Build Finished (took 763ms)

